<?xml version="1.0" encoding="UTF-8"?>
<!-- Generated by org.testng.reporters.JUnitXMLReporter -->
<testsuite ignored="2" hostname="BTP208372" failures="0" tests="4" name="Car Loan" time="0.011" errors="0" timestamp="06 Jun 2021 15:59:48 GMT">
  <testcase classname="com.practice.testng.Day3" name="mobileCarLoan" time="0.001"/>
  <testcase classname="com.practice.testng.Day3" name="mobileCarLoanInterest" time="0.001"/>
  <testcase classname="com.practice.testng.Day3" name="mobileCarLoanLogin" time="0.001"/>
  <testcase classname="com.practice.testng.Day3" name="mobileCarLoanLogout" time="0.001"/>
  <testcase classname="com.practice.testng.Day3" name="webCarLoan" time="0.0">
    <ignored/>
  </testcase> <!-- webCarLoan -->
  <testcase classname="com.practice.testng.Day3" name="apiCarLoan" time="0.0">
    <ignored/>
  </testcase> <!-- apiCarLoan -->
</testsuite> <!-- Car Loan -->
