<?xml version="1.0" encoding="UTF-8"?>
<!-- Generated by org.testng.reporters.JUnitXMLReporter -->
<testsuite ignored="2" hostname="BTP208372" failures="0" tests="1" name="Home Loan" time="0.005" errors="0" timestamp="06 Jun 2021 15:59:48 GMT">
  <testcase classname="com.practice.testng.Day4" name="mobileHomeLoan" time="0.001"/>
  <testcase classname="com.practice.testng.Day4" name="webHomeLoan" time="0.0">
    <ignored/>
  </testcase> <!-- webHomeLoan -->
  <testcase classname="com.practice.testng.Day4" name="apiHomeLoan" time="0.0">
    <ignored/>
  </testcase> <!-- apiHomeLoan -->
</testsuite> <!-- Home Loan -->
