<?xml version="1.0" encoding="UTF-8"?>
<!-- Generated by org.testng.reporters.JUnitXMLReporter -->
<testsuite ignored="0" hostname="BTP208372" failures="0" tests="3" name="Test" time="0.028" errors="0" timestamp="06 Jun 2021 15:59:48 GMT">
  <testcase classname="com.practice.testng.Day1" name="Demo" time="0.004"/>
  <testcase classname="com.practice.testng.Day1" name="SecondTest" time="0.001"/>
  <testcase classname="com.practice.testng.Day2" name="pLoan" time="0.002"/>
</testsuite> <!-- Test -->
